<?xml version="1.0" encoding="UTF-8"?>
<!-- Generated by org.testng.reporters.JUnitReportReporter -->
<testsuite hostname="LAPTOP-RTRRLR7M" failures="0" tests="1" name="testngpkg.Windowhandler" time="33.374" errors="0" timestamp="2024-04-29T14:59:14 IST" skipped="0">
  <testcase classname="testngpkg.Windowhandler" name="test" time="33.374"/>
  <system-out/>
</testsuite> <!-- testngpkg.Windowhandler -->
