<?xml version="1.0" encoding="UTF-8"?>
<!-- Generated by org.testng.reporters.JUnitReportReporter -->
<testsuite hostname="LAPTOP-RTRRLR7M" failures="0" tests="1" name="testngpkg.RediffRadioBtn" time="16.269" errors="0" timestamp="2024-04-21T17:10:37 IST" skipped="0">
  <testcase classname="testngpkg.RediffRadioBtn" name="test" time="16.269"/>
  <system-out/>
</testsuite> <!-- testngpkg.RediffRadioBtn -->
