<?xml version="1.0" encoding="UTF-8"?>
<!-- Generated by org.testng.reporters.JUnitReportReporter -->
<testsuite hostname="LAPTOP-RTRRLR7M" failures="0" tests="2" name="testngpkg.Testngdemo" time="0.028" errors="0" timestamp="2024-04-11T00:37:53 IST" skipped="0">
  <testcase classname="testngpkg.Testngdemo" name="test1" time="0.020"/>
  <system-out/>
  <testcase classname="testngpkg.Testngdemo" name="test2" time="0.008"/>
  <system-out/>
</testsuite> <!-- testngpkg.Testngdemo -->
