<?xml version="1.0" encoding="UTF-8"?>
<!-- Generated by org.testng.reporters.JUnitReportReporter -->
<testsuite hostname="LAPTOP-RTRRLR7M" failures="0" tests="1" name="testngpkg.Copypaste" time="0.709" errors="0" timestamp="2024-04-21T18:03:52 IST" skipped="0">
  <testcase classname="testngpkg.Copypaste" name="test" time="0.709"/>
  <system-out/>
</testsuite> <!-- testngpkg.Copypaste -->
