<?xml version="1.0" encoding="UTF-8"?>
<!-- Generated by org.testng.reporters.JUnitReportReporter -->
<testsuite hostname="LAPTOP-RTRRLR7M" failures="0" tests="1" name="testngpkg.Fileupload" time="0.455" errors="0" timestamp="2024-04-21T20:44:15 IST" skipped="0">
  <testcase classname="testngpkg.Fileupload" name="test" time="0.455"/>
  <system-out/>
</testsuite> <!-- testngpkg.Fileupload -->
