<?xml version="1.0" encoding="UTF-8"?>
<!-- Generated by org.testng.reporters.JUnitReportReporter -->
<testsuite hostname="LAPTOP-RTRRLR7M" failures="0" tests="1" name="testngpkg.Loginvalidation" time="6.580" errors="0" timestamp="2024-04-21T18:47:52 IST" skipped="0">
  <testcase classname="testngpkg.Loginvalidation" name="test" time="6.580"/>
  <system-out/>
</testsuite> <!-- testngpkg.Loginvalidation -->
