<?xml version="1.0" encoding="UTF-8"?>
<!-- Generated by org.testng.reporters.JUnitReportReporter -->
<testsuite hostname="LAPTOP-RTRRLR7M" failures="0" tests="1" name="pkg.Fileuploadrobot" time="7.159" errors="0" timestamp="2024-04-22T23:25:06 IST" skipped="0">
  <testcase classname="pkg.Fileuploadrobot" name="fileuploadpgm" time="7.159"/>
  <system-out/>
</testsuite> <!-- pkg.Fileuploadrobot -->
