<?xml version="1.0" encoding="UTF-8"?>
<!-- Generated by org.testng.reporters.JUnitReportReporter -->
<testsuite hostname="LAPTOP-RTRRLR7M" failures="0" tests="3" name="testngpkg.CrowsBrowserTest" time="37.598" errors="0" timestamp="2024-04-11T19:18:20 IST" skipped="0">
  <testcase classname="testngpkg.CrowsBrowserTest" name="test" time="3.302"/>
  <system-out/>
  <testcase classname="testngpkg.CrowsBrowserTest" name="test" time="24.553"/>
  <system-out/>
  <testcase classname="testngpkg.CrowsBrowserTest" name="test" time="9.743"/>
  <system-out/>
</testsuite> <!-- testngpkg.CrowsBrowserTest -->
