<?xml version="1.0" encoding="UTF-8"?>
<!-- Generated by org.testng.reporters.JUnitReportReporter -->
<testsuite hostname="LAPTOP-RTRRLR7M" failures="0" tests="1" name="testngpkg.FbLogin" time="0.565" errors="0" timestamp="2024-04-11T18:03:06 IST" skipped="0">
  <testcase classname="testngpkg.FbLogin" name="test" time="0.565"/>
  <system-out/>
</testsuite> <!-- testngpkg.FbLogin -->
