<?xml version="1.0" encoding="UTF-8"?>
<!-- Generated by org.testng.reporters.JUnitReportReporter -->
<testsuite hostname="LAPTOP-RTRRLR7M" failures="0" tests="1" name="pkg.Fileuploadauto" time="10.591" errors="0" timestamp="2024-04-24T12:57:34 IST" skipped="0">
  <testcase classname="pkg.Fileuploadauto" name="main" time="10.591"/>
  <system-out/>
</testsuite> <!-- pkg.Fileuploadauto -->
