<?xml version="1.0" encoding="UTF-8"?>
<!-- Generated by org.testng.reporters.JUnitReportReporter -->
<testsuite hostname="LAPTOP-RTRRLR7M" failures="0" tests="1" name="testngpkg.Parameterisation" time="0.012" errors="0" timestamp="2024-04-11T17:38:11 IST" skipped="0">
  <testcase classname="testngpkg.Parameterisation" name="test" time="0.012"/>
  <system-out/>
</testsuite> <!-- testngpkg.Parameterisation -->
